{"/Users/abelko/Abel/javascript-study/test/javascript-testing-source/src/counter.js": {"path":"/Users/abelko/Abel/javascript-study/test/javascript-testing-source/src/counter.js","statementMap":{"0":{"start":{"line":2,"column":16},"end":{"line":2,"column":36}},"1":{"start":{"line":3,"column":16},"end":{"line":3,"column":27}},"2":{"start":{"line":4,"column":16},"end":{"line":4,"column":27}},"3":{"start":{"line":6,"column":4},"end":{"line":24,"column":5}},"4":{"start":{"line":8,"column":12},"end":{"line":8,"column":25}},"5":{"start":{"line":11,"column":12},"end":{"line":11,"column":20}},"6":{"start":{"line":14,"column":12},"end":{"line":16,"column":13}},"7":{"start":{"line":15,"column":16},"end":{"line":15,"column":24}},"8":{"start":{"line":19,"column":12},"end":{"line":19,"column":25}},"9":{"start":{"line":22,"column":12},"end":{"line":22,"column":52}}},"fnMap":{"0":{"name":"createCounter","decl":{"start":{"line":1,"column":16},"end":{"line":1,"column":29}},"loc":{"start":{"line":1,"column":44},"end":{"line":25,"column":1}},"line":1},"1":{"name":"(anonymous_1)","decl":{"start":{"line":7,"column":8},"end":{"line":7,"column":9}},"loc":{"start":{"line":7,"column":14},"end":{"line":9,"column":9}},"line":7},"2":{"name":"(anonymous_2)","decl":{"start":{"line":10,"column":8},"end":{"line":10,"column":9}},"loc":{"start":{"line":10,"column":14},"end":{"line":12,"column":9}},"line":10},"3":{"name":"(anonymous_3)","decl":{"start":{"line":13,"column":8},"end":{"line":13,"column":9}},"loc":{"start":{"line":13,"column":14},"end":{"line":17,"column":9}},"line":13},"4":{"name":"(anonymous_4)","decl":{"start":{"line":18,"column":8},"end":{"line":18,"column":9}},"loc":{"start":{"line":18,"column":16},"end":{"line":20,"column":9}},"line":18},"5":{"name":"(anonymous_5)","decl":{"start":{"line":21,"column":8},"end":{"line":21,"column":9}},"loc":{"start":{"line":21,"column":16},"end":{"line":23,"column":9}},"line":21}},"branchMap":{"0":{"loc":{"start":{"line":1,"column":30},"end":{"line":1,"column":42}},"type":"default-arg","locations":[{"start":{"line":1,"column":40},"end":{"line":1,"column":42}}],"line":1},"1":{"loc":{"start":{"line":2,"column":16},"end":{"line":2,"column":36}},"type":"binary-expr","locations":[{"start":{"line":2,"column":16},"end":{"line":2,"column":31}},{"start":{"line":2,"column":35},"end":{"line":2,"column":36}}],"line":2},"2":{"loc":{"start":{"line":14,"column":12},"end":{"line":16,"column":13}},"type":"if","locations":[{"start":{"line":14,"column":12},"end":{"line":16,"column":13}},{"start":{"line":14,"column":12},"end":{"line":16,"column":13}}],"line":14},"3":{"loc":{"start":{"line":22,"column":19},"end":{"line":22,"column":51}},"type":"binary-expr","locations":[{"start":{"line":22,"column":19},"end":{"line":22,"column":22}},{"start":{"line":22,"column":27},"end":{"line":22,"column":50}}],"line":22}},"s":{"0":7,"1":7,"2":7,"3":7,"4":5,"5":1,"6":2,"7":1,"8":1,"9":3},"f":{"0":7,"1":5,"2":1,"3":2,"4":1,"5":3},"b":{"0":[5],"1":[7,5],"2":[1,1],"3":[3,1]},"_coverageSchema":"43e27e138ebf9cfc5966b082cf9a028302ed4184","hash":"481e919e3aa0ea59b5cc84e5344104cc07cd4674"}
,"/Users/abelko/Abel/javascript-study/test/javascript-testing-source/src/util.js": {"path":"/Users/abelko/Abel/javascript-study/test/javascript-testing-source/src/util.js","statementMap":{"0":{"start":{"line":2,"column":4},"end":{"line":2,"column":17}},"1":{"start":{"line":6,"column":4},"end":{"line":8,"column":5}},"2":{"start":{"line":7,"column":8},"end":{"line":7,"column":18}},"3":{"start":{"line":10,"column":4},"end":{"line":10,"column":27}}},"fnMap":{"0":{"name":"add","decl":{"start":{"line":1,"column":16},"end":{"line":1,"column":19}},"loc":{"start":{"line":1,"column":34},"end":{"line":3,"column":1}},"line":1},"1":{"name":"swap","decl":{"start":{"line":5,"column":16},"end":{"line":5,"column":20}},"loc":{"start":{"line":5,"column":26},"end":{"line":11,"column":1}},"line":5}},"branchMap":{"0":{"loc":{"start":{"line":1,"column":20},"end":{"line":1,"column":25}},"type":"default-arg","locations":[{"start":{"line":1,"column":24},"end":{"line":1,"column":25}}],"line":1},"1":{"loc":{"start":{"line":1,"column":27},"end":{"line":1,"column":32}},"type":"default-arg","locations":[{"start":{"line":1,"column":31},"end":{"line":1,"column":32}}],"line":1},"2":{"loc":{"start":{"line":6,"column":4},"end":{"line":8,"column":5}},"type":"if","locations":[{"start":{"line":6,"column":4},"end":{"line":8,"column":5}},{"start":{"line":6,"column":4},"end":{"line":8,"column":5}}],"line":6}},"s":{"0":3,"1":7,"2":5,"3":2},"f":{"0":3,"1":7},"b":{"0":[1],"1":[2],"2":[5,2]},"_coverageSchema":"43e27e138ebf9cfc5966b082cf9a028302ed4184","hash":"52f76fb59f936435efc3861ea47eea5c7faae5d3"}
,"/Users/abelko/Abel/javascript-study/test/javascript-testing-source/src/libs/tui-pagination.js": {"path":"/Users/abelko/Abel/javascript-study/test/javascript-testing-source/src/libs/tui-pagination.js","statementMap":{"0":{"start":{"line":7,"column":0},"end":{"line":1087,"column":3}},"1":{"start":{"line":8,"column":1},"end":{"line":15,"column":109}},"2":{"start":{"line":9,"column":2},"end":{"line":9,"column":56}},"3":{"start":{"line":10,"column":6},"end":{"line":15,"column":109}},"4":{"start":{"line":11,"column":2},"end":{"line":11,"column":40}},"5":{"start":{"line":12,"column":6},"end":{"line":15,"column":109}},"6":{"start":{"line":13,"column":2},"end":{"line":13,"column":63}},"7":{"start":{"line":15,"column":2},"end":{"line":15,"column":109}},"8":{"start":{"line":17,"column":0},"end":{"line":1086,"column":11}},"9":{"start":{"line":19,"column":33},"end":{"line":19,"column":35}},"10":{"start":{"line":25,"column":11},"end":{"line":26,"column":54}},"11":{"start":{"line":26,"column":12},"end":{"line":26,"column":54}},"12":{"start":{"line":29,"column":24},"end":{"line":33,"column":12}},"13":{"start":{"line":36,"column":11},"end":{"line":36,"column":95}},"14":{"start":{"line":39,"column":11},"end":{"line":39,"column":32}},"15":{"start":{"line":42,"column":11},"end":{"line":42,"column":33}},"16":{"start":{"line":47,"column":10},"end":{"line":47,"column":42}},"17":{"start":{"line":50,"column":10},"end":{"line":50,"column":51}},"18":{"start":{"line":53,"column":10},"end":{"line":53,"column":41}},"19":{"start":{"line":56,"column":10},"end":{"line":56,"column":40}},"20":{"start":{"line":70,"column":1},"end":{"line":70,"column":24}},"21":{"start":{"line":72,"column":1},"end":{"line":72,"column":41}},"22":{"start":{"line":91,"column":15},"end":{"line":91,"column":37}},"23":{"start":{"line":93,"column":12},"end":{"line":93,"column":34}},"24":{"start":{"line":94,"column":12},"end":{"line":94,"column":34}},"25":{"start":{"line":96,"column":21},"end":{"line":105,"column":2}},"26":{"start":{"line":158,"column":18},"end":{"line":469,"column":3}},"27":{"start":{"line":165,"column":9},"end":{"line":165,"column":68}},"28":{"start":{"line":172,"column":9},"end":{"line":172,"column":31}},"29":{"start":{"line":179,"column":9},"end":{"line":179,"column":99}},"30":{"start":{"line":181,"column":9},"end":{"line":181,"column":26}},"31":{"start":{"line":183,"column":9},"end":{"line":185,"column":10}},"32":{"start":{"line":184,"column":13},"end":{"line":184,"column":37}},"33":{"start":{"line":194,"column":9},"end":{"line":194,"column":56}},"34":{"start":{"line":203,"column":24},"end":{"line":203,"column":88}},"35":{"start":{"line":205,"column":9},"end":{"line":205,"column":43}},"36":{"start":{"line":217,"column":9},"end":{"line":224,"column":10}},"37":{"start":{"line":218,"column":13},"end":{"line":218,"column":63}},"38":{"start":{"line":219,"column":13},"end":{"line":219,"column":43}},"39":{"start":{"line":220,"column":13},"end":{"line":220,"column":48}},"40":{"start":{"line":221,"column":13},"end":{"line":221,"column":99}},"41":{"start":{"line":223,"column":13},"end":{"line":223,"column":30}},"42":{"start":{"line":226,"column":9},"end":{"line":226,"column":67}},"43":{"start":{"line":236,"column":27},"end":{"line":236,"column":46}},"44":{"start":{"line":237,"column":27},"end":{"line":237,"column":48}},"45":{"start":{"line":239,"column":9},"end":{"line":239,"column":63}},"46":{"start":{"line":249,"column":32},"end":{"line":249,"column":73}},"47":{"start":{"line":250,"column":25},"end":{"line":250,"column":51}},"48":{"start":{"line":251,"column":27},"end":{"line":251,"column":46}},"49":{"start":{"line":254,"column":9},"end":{"line":258,"column":10}},"50":{"start":{"line":255,"column":13},"end":{"line":255,"column":90}},"51":{"start":{"line":257,"column":13},"end":{"line":257,"column":110}},"52":{"start":{"line":260,"column":9},"end":{"line":260,"column":26}},"53":{"start":{"line":272,"column":30},"end":{"line":272,"column":49}},"54":{"start":{"line":273,"column":9},"end":{"line":273,"column":34}},"55":{"start":{"line":274,"column":9},"end":{"line":274,"column":47}},"56":{"start":{"line":276,"column":9},"end":{"line":276,"column":21}},"57":{"start":{"line":285,"column":24},"end":{"line":285,"column":70}},"58":{"start":{"line":286,"column":9},"end":{"line":286,"column":36}},"59":{"start":{"line":287,"column":9},"end":{"line":287,"column":37}},"60":{"start":{"line":297,"column":24},"end":{"line":297,"column":26}},"61":{"start":{"line":298,"column":24},"end":{"line":298,"column":43}},"62":{"start":{"line":299,"column":32},"end":{"line":299,"column":56}},"63":{"start":{"line":300,"column":33},"end":{"line":300,"column":61}},"64":{"start":{"line":301,"column":21},"end":{"line":301,"column":40}},"65":{"start":{"line":303,"column":9},"end":{"line":303,"column":46}},"66":{"start":{"line":304,"column":9},"end":{"line":304,"column":48}},"67":{"start":{"line":306,"column":9},"end":{"line":306,"column":52}},"68":{"start":{"line":307,"column":9},"end":{"line":307,"column":68}},"69":{"start":{"line":309,"column":9},"end":{"line":309,"column":30}},"70":{"start":{"line":310,"column":9},"end":{"line":310,"column":42}},"71":{"start":{"line":311,"column":9},"end":{"line":311,"column":38}},"72":{"start":{"line":312,"column":9},"end":{"line":312,"column":47}},"73":{"start":{"line":314,"column":9},"end":{"line":314,"column":25}},"74":{"start":{"line":325,"column":24},"end":{"line":325,"column":43}},"75":{"start":{"line":326,"column":28},"end":{"line":326,"column":54}},"76":{"start":{"line":327,"column":32},"end":{"line":327,"column":56}},"77":{"start":{"line":329,"column":9},"end":{"line":342,"column":10}},"78":{"start":{"line":330,"column":13},"end":{"line":330,"column":49}},"79":{"start":{"line":331,"column":13},"end":{"line":331,"column":55}},"80":{"start":{"line":332,"column":13},"end":{"line":332,"column":65}},"81":{"start":{"line":334,"column":13},"end":{"line":337,"column":14}},"82":{"start":{"line":335,"column":17},"end":{"line":335,"column":75}},"83":{"start":{"line":336,"column":17},"end":{"line":336,"column":44}},"84":{"start":{"line":339,"column":13},"end":{"line":339,"column":74}},"85":{"start":{"line":340,"column":13},"end":{"line":340,"column":65}},"86":{"start":{"line":341,"column":13},"end":{"line":341,"column":67}},"87":{"start":{"line":344,"column":9},"end":{"line":347,"column":11}},"88":{"start":{"line":358,"column":9},"end":{"line":381,"column":10}},"89":{"start":{"line":360,"column":17},"end":{"line":360,"column":26}},"90":{"start":{"line":361,"column":17},"end":{"line":361,"column":23}},"91":{"start":{"line":363,"column":17},"end":{"line":363,"column":54}},"92":{"start":{"line":364,"column":17},"end":{"line":364,"column":23}},"93":{"start":{"line":366,"column":17},"end":{"line":366,"column":54}},"94":{"start":{"line":367,"column":17},"end":{"line":367,"column":23}},"95":{"start":{"line":369,"column":17},"end":{"line":369,"column":55}},"96":{"start":{"line":370,"column":17},"end":{"line":370,"column":23}},"97":{"start":{"line":372,"column":17},"end":{"line":372,"column":55}},"98":{"start":{"line":373,"column":17},"end":{"line":373,"column":23}},"99":{"start":{"line":375,"column":17},"end":{"line":375,"column":44}},"100":{"start":{"line":376,"column":17},"end":{"line":376,"column":23}},"101":{"start":{"line":378,"column":17},"end":{"line":380,"column":18}},"102":{"start":{"line":379,"column":21},"end":{"line":379,"column":28}},"103":{"start":{"line":383,"column":9},"end":{"line":383,"column":31}},"104":{"start":{"line":395,"column":9},"end":{"line":397,"column":10}},"105":{"start":{"line":396,"column":13},"end":{"line":396,"column":51}},"106":{"start":{"line":399,"column":9},"end":{"line":399,"column":47}},"107":{"start":{"line":400,"column":9},"end":{"line":400,"column":27}},"108":{"start":{"line":411,"column":9},"end":{"line":411,"column":59}},"109":{"start":{"line":427,"column":9},"end":{"line":429,"column":10}},"110":{"start":{"line":428,"column":13},"end":{"line":428,"column":20}},"111":{"start":{"line":431,"column":9},"end":{"line":431,"column":36}},"112":{"start":{"line":443,"column":9},"end":{"line":443,"column":52}},"113":{"start":{"line":451,"column":9},"end":{"line":451,"column":46}},"114":{"start":{"line":459,"column":9},"end":{"line":459,"column":48}},"115":{"start":{"line":467,"column":9},"end":{"line":467,"column":56}},"116":{"start":{"line":471,"column":1},"end":{"line":471,"column":40}},"117":{"start":{"line":473,"column":1},"end":{"line":473,"column":29}},"118":{"start":{"line":480,"column":1},"end":{"line":480,"column":48}},"119":{"start":{"line":488,"column":15},"end":{"line":488,"column":37}},"120":{"start":{"line":490,"column":12},"end":{"line":490,"column":34}},"121":{"start":{"line":492,"column":14},"end":{"line":492,"column":28}},"122":{"start":{"line":493,"column":15},"end":{"line":493,"column":30}},"123":{"start":{"line":494,"column":16},"end":{"line":494,"column":32}},"124":{"start":{"line":495,"column":12},"end":{"line":495,"column":24}},"125":{"start":{"line":496,"column":18},"end":{"line":496,"column":36}},"126":{"start":{"line":498,"column":23},"end":{"line":513,"column":2}},"127":{"start":{"line":514,"column":19},"end":{"line":514,"column":52}},"128":{"start":{"line":515,"column":19},"end":{"line":515,"column":35}},"129":{"start":{"line":517,"column":33},"end":{"line":517,"column":68}},"130":{"start":{"line":540,"column":12},"end":{"line":909,"column":3}},"131":{"start":{"line":547,"column":9},"end":{"line":547,"column":39}},"132":{"start":{"line":554,"column":9},"end":{"line":554,"column":63}},"133":{"start":{"line":561,"column":9},"end":{"line":561,"column":61}},"134":{"start":{"line":568,"column":9},"end":{"line":568,"column":72}},"135":{"start":{"line":575,"column":9},"end":{"line":575,"column":28}},"136":{"start":{"line":583,"column":9},"end":{"line":583,"column":40}},"137":{"start":{"line":585,"column":9},"end":{"line":585,"column":41}},"138":{"start":{"line":586,"column":9},"end":{"line":586,"column":32}},"139":{"start":{"line":587,"column":9},"end":{"line":587,"column":40}},"140":{"start":{"line":588,"column":9},"end":{"line":588,"column":32}},"141":{"start":{"line":589,"column":9},"end":{"line":589,"column":41}},"142":{"start":{"line":599,"column":9},"end":{"line":603,"column":10}},"143":{"start":{"line":600,"column":13},"end":{"line":600,"column":60}},"144":{"start":{"line":601,"column":16},"end":{"line":603,"column":10}},"145":{"start":{"line":602,"column":13},"end":{"line":602,"column":38}},"146":{"start":{"line":605,"column":9},"end":{"line":607,"column":10}},"147":{"start":{"line":606,"column":13},"end":{"line":606,"column":56}},"148":{"start":{"line":609,"column":9},"end":{"line":609,"column":44}},"149":{"start":{"line":617,"column":24},"end":{"line":617,"column":49}},"150":{"start":{"line":619,"column":9},"end":{"line":623,"column":18}},"151":{"start":{"line":620,"column":13},"end":{"line":622,"column":16}},"152":{"start":{"line":631,"column":24},"end":{"line":631,"column":57}},"153":{"start":{"line":634,"column":9},"end":{"line":639,"column":18}},"154":{"start":{"line":635,"column":13},"end":{"line":635,"column":65}},"155":{"start":{"line":636,"column":13},"end":{"line":638,"column":16}},"156":{"start":{"line":647,"column":24},"end":{"line":647,"column":49}},"157":{"start":{"line":650,"column":9},"end":{"line":655,"column":18}},"158":{"start":{"line":651,"column":13},"end":{"line":651,"column":33}},"159":{"start":{"line":652,"column":13},"end":{"line":654,"column":16}},"160":{"start":{"line":665,"column":9},"end":{"line":665,"column":39}},"161":{"start":{"line":676,"column":9},"end":{"line":680,"column":10}},"162":{"start":{"line":677,"column":13},"end":{"line":677,"column":42}},"163":{"start":{"line":679,"column":13},"end":{"line":679,"column":50}},"164":{"start":{"line":682,"column":9},"end":{"line":682,"column":57}},"165":{"start":{"line":693,"column":9},"end":{"line":697,"column":10}},"166":{"start":{"line":694,"column":13},"end":{"line":694,"column":41}},"167":{"start":{"line":696,"column":13},"end":{"line":696,"column":49}},"168":{"start":{"line":699,"column":9},"end":{"line":699,"column":57}},"169":{"start":{"line":710,"column":9},"end":{"line":714,"column":10}},"170":{"start":{"line":711,"column":13},"end":{"line":711,"column":41}},"171":{"start":{"line":713,"column":13},"end":{"line":713,"column":49}},"172":{"start":{"line":716,"column":9},"end":{"line":716,"column":57}},"173":{"start":{"line":727,"column":9},"end":{"line":731,"column":10}},"174":{"start":{"line":728,"column":13},"end":{"line":728,"column":41}},"175":{"start":{"line":730,"column":13},"end":{"line":730,"column":49}},"176":{"start":{"line":733,"column":9},"end":{"line":733,"column":57}},"177":{"start":{"line":744,"column":9},"end":{"line":748,"column":10}},"178":{"start":{"line":745,"column":13},"end":{"line":745,"column":45}},"179":{"start":{"line":746,"column":13},"end":{"line":746,"column":61}},"180":{"start":{"line":747,"column":13},"end":{"line":747,"column":61}},"181":{"start":{"line":759,"column":9},"end":{"line":763,"column":10}},"182":{"start":{"line":760,"column":13},"end":{"line":760,"column":45}},"183":{"start":{"line":761,"column":13},"end":{"line":761,"column":60}},"184":{"start":{"line":762,"column":13},"end":{"line":762,"column":61}},"185":{"start":{"line":772,"column":24},"end":{"line":772,"column":38}},"186":{"start":{"line":773,"column":25},"end":{"line":773,"column":48}},"187":{"start":{"line":774,"column":24},"end":{"line":774,"column":48}},"188":{"start":{"line":777,"column":9},"end":{"line":792,"column":10}},"189":{"start":{"line":778,"column":13},"end":{"line":783,"column":14}},"190":{"start":{"line":779,"column":17},"end":{"line":779,"column":90}},"191":{"start":{"line":781,"column":17},"end":{"line":781,"column":83}},"192":{"start":{"line":782,"column":17},"end":{"line":782,"column":58}},"193":{"start":{"line":785,"column":13},"end":{"line":787,"column":14}},"194":{"start":{"line":786,"column":17},"end":{"line":786,"column":67}},"195":{"start":{"line":788,"column":13},"end":{"line":790,"column":14}},"196":{"start":{"line":789,"column":17},"end":{"line":789,"column":66}},"197":{"start":{"line":791,"column":13},"end":{"line":791,"column":63}},"198":{"start":{"line":801,"column":27},"end":{"line":801,"column":54}},"199":{"start":{"line":803,"column":9},"end":{"line":816,"column":19}},"200":{"start":{"line":804,"column":26},"end":{"line":804,"column":54}},"201":{"start":{"line":807,"column":13},"end":{"line":807,"column":40}},"202":{"start":{"line":809,"column":13},"end":{"line":809,"column":54}},"203":{"start":{"line":811,"column":13},"end":{"line":813,"column":14}},"204":{"start":{"line":812,"column":17},"end":{"line":812,"column":52}},"205":{"start":{"line":815,"column":13},"end":{"line":815,"column":40}},"206":{"start":{"line":827,"column":23},"end":{"line":827,"column":36}},"207":{"start":{"line":829,"column":9},"end":{"line":837,"column":18}},"208":{"start":{"line":830,"column":13},"end":{"line":834,"column":14}},"209":{"start":{"line":831,"column":17},"end":{"line":831,"column":35}},"210":{"start":{"line":833,"column":17},"end":{"line":833,"column":30}},"211":{"start":{"line":836,"column":13},"end":{"line":836,"column":25}},"212":{"start":{"line":839,"column":9},"end":{"line":839,"column":27}},"213":{"start":{"line":850,"column":26},"end":{"line":850,"column":62}},"214":{"start":{"line":853,"column":9},"end":{"line":855,"column":10}},"215":{"start":{"line":854,"column":13},"end":{"line":854,"column":57}},"216":{"start":{"line":857,"column":9},"end":{"line":857,"column":21}},"217":{"start":{"line":869,"column":9},"end":{"line":875,"column":10}},"218":{"start":{"line":870,"column":13},"end":{"line":870,"column":55}},"219":{"start":{"line":872,"column":13},"end":{"line":874,"column":14}},"220":{"start":{"line":873,"column":17},"end":{"line":873,"column":35}},"221":{"start":{"line":877,"column":9},"end":{"line":877,"column":21}},"222":{"start":{"line":885,"column":9},"end":{"line":885,"column":40}},"223":{"start":{"line":887,"column":9},"end":{"line":889,"column":18}},"224":{"start":{"line":888,"column":13},"end":{"line":888,"column":65}},"225":{"start":{"line":891,"column":9},"end":{"line":891,"column":52}},"226":{"start":{"line":900,"column":9},"end":{"line":900,"column":23}},"227":{"start":{"line":901,"column":9},"end":{"line":901,"column":43}},"228":{"start":{"line":902,"column":9},"end":{"line":902,"column":42}},"229":{"start":{"line":903,"column":9},"end":{"line":903,"column":46}},"230":{"start":{"line":904,"column":9},"end":{"line":904,"column":37}},"231":{"start":{"line":905,"column":9},"end":{"line":905,"column":46}},"232":{"start":{"line":906,"column":9},"end":{"line":906,"column":42}},"233":{"start":{"line":907,"column":9},"end":{"line":907,"column":42}},"234":{"start":{"line":911,"column":1},"end":{"line":911,"column":23}},"235":{"start":{"line":920,"column":15},"end":{"line":920,"column":37}},"236":{"start":{"line":922,"column":12},"end":{"line":1080,"column":2}},"237":{"start":{"line":930,"column":9},"end":{"line":934,"column":10}},"238":{"start":{"line":931,"column":13},"end":{"line":931,"column":66}},"239":{"start":{"line":933,"column":13},"end":{"line":933,"column":61}},"240":{"start":{"line":942,"column":9},"end":{"line":946,"column":10}},"241":{"start":{"line":943,"column":13},"end":{"line":943,"column":36}},"242":{"start":{"line":945,"column":13},"end":{"line":945,"column":39}},"243":{"start":{"line":955,"column":9},"end":{"line":955,"column":49}},"244":{"start":{"line":964,"column":9},"end":{"line":966,"column":10}},"245":{"start":{"line":965,"column":13},"end":{"line":965,"column":20}},"246":{"start":{"line":968,"column":9},"end":{"line":972,"column":10}},"247":{"start":{"line":969,"column":13},"end":{"line":969,"column":43}},"248":{"start":{"line":970,"column":16},"end":{"line":972,"column":10}},"249":{"start":{"line":971,"column":13},"end":{"line":971,"column":50}},"250":{"start":{"line":982,"column":27},"end":{"line":982,"column":49}},"251":{"start":{"line":984,"column":9},"end":{"line":984,"column":52}},"252":{"start":{"line":993,"column":9},"end":{"line":994,"column":88}},"253":{"start":{"line":1003,"column":9},"end":{"line":1003,"column":81}},"254":{"start":{"line":1013,"column":9},"end":{"line":1015,"column":10}},"255":{"start":{"line":1014,"column":13},"end":{"line":1014,"column":26}},"256":{"start":{"line":1017,"column":9},"end":{"line":1017,"column":65}},"257":{"start":{"line":1027,"column":27},"end":{"line":1029,"column":11}},"258":{"start":{"line":1028,"column":13},"end":{"line":1028,"column":66}},"259":{"start":{"line":1031,"column":9},"end":{"line":1031,"column":28}},"260":{"start":{"line":1043,"column":9},"end":{"line":1047,"column":10}},"261":{"start":{"line":1044,"column":13},"end":{"line":1044,"column":36}},"262":{"start":{"line":1046,"column":13},"end":{"line":1046,"column":58}},"263":{"start":{"line":1049,"column":9},"end":{"line":1049,"column":50}},"264":{"start":{"line":1058,"column":27},"end":{"line":1058,"column":56}},"265":{"start":{"line":1060,"column":9},"end":{"line":1060,"column":42}},"266":{"start":{"line":1062,"column":9},"end":{"line":1062,"column":40}},"267":{"start":{"line":1069,"column":24},"end":{"line":1069,"column":41}},"268":{"start":{"line":1071,"column":9},"end":{"line":1078,"column":12}},"269":{"start":{"line":1082,"column":1},"end":{"line":1082,"column":23}}},"fnMap":{"0":{"name":"webpackUniversalModuleDefinition","decl":{"start":{"line":7,"column":10},"end":{"line":7,"column":42}},"loc":{"start":{"line":7,"column":58},"end":{"line":16,"column":1}},"line":7},"1":{"name":"(anonymous_1)","decl":{"start":{"line":16,"column":9},"end":{"line":16,"column":10}},"loc":{"start":{"line":16,"column":49},"end":{"line":1087,"column":1}},"line":16},"2":{"name":"(anonymous_2)","decl":{"start":{"line":17,"column":17},"end":{"line":17,"column":18}},"loc":{"start":{"line":17,"column":35},"end":{"line":57,"column":10}},"line":17},"3":{"name":"__webpack_require__","decl":{"start":{"line":22,"column":19},"end":{"line":22,"column":38}},"loc":{"start":{"line":22,"column":49},"end":{"line":43,"column":11}},"line":22},"4":{"name":"(anonymous_4)","decl":{"start":{"line":61,"column":7},"end":{"line":61,"column":8}},"loc":{"start":{"line":61,"column":54},"end":{"line":75,"column":7}},"line":61},"5":{"name":"(anonymous_5)","decl":{"start":{"line":77,"column":7},"end":{"line":77,"column":8}},"loc":{"start":{"line":77,"column":33},"end":{"line":81,"column":7}},"line":77},"6":{"name":"(anonymous_6)","decl":{"start":{"line":87,"column":7},"end":{"line":87,"column":8}},"loc":{"start":{"line":87,"column":54},"end":{"line":476,"column":7}},"line":87},"7":{"name":"(anonymous_7)","decl":{"start":{"line":159,"column":11},"end":{"line":159,"column":12}},"loc":{"start":{"line":159,"column":40},"end":{"line":186,"column":6}},"line":159},"8":{"name":"(anonymous_8)","decl":{"start":{"line":193,"column":22},"end":{"line":193,"column":23}},"loc":{"start":{"line":193,"column":37},"end":{"line":195,"column":6}},"line":193},"9":{"name":"(anonymous_9)","decl":{"start":{"line":202,"column":19},"end":{"line":202,"column":20}},"loc":{"start":{"line":202,"column":30},"end":{"line":206,"column":6}},"line":202},"10":{"name":"(anonymous_10)","decl":{"start":{"line":214,"column":20},"end":{"line":214,"column":21}},"loc":{"start":{"line":214,"column":41},"end":{"line":227,"column":6}},"line":214},"11":{"name":"(anonymous_11)","decl":{"start":{"line":235,"column":23},"end":{"line":235,"column":24}},"loc":{"start":{"line":235,"column":42},"end":{"line":240,"column":6}},"line":235},"12":{"name":"(anonymous_12)","decl":{"start":{"line":248,"column":24},"end":{"line":248,"column":25}},"loc":{"start":{"line":248,"column":43},"end":{"line":261,"column":6}},"line":248},"13":{"name":"(anonymous_13)","decl":{"start":{"line":271,"column":26},"end":{"line":271,"column":27}},"loc":{"start":{"line":271,"column":41},"end":{"line":277,"column":6}},"line":271},"14":{"name":"(anonymous_14)","decl":{"start":{"line":284,"column":16},"end":{"line":284,"column":17}},"loc":{"start":{"line":284,"column":31},"end":{"line":288,"column":6}},"line":284},"15":{"name":"(anonymous_15)","decl":{"start":{"line":296,"column":20},"end":{"line":296,"column":21}},"loc":{"start":{"line":296,"column":35},"end":{"line":315,"column":6}},"line":296},"16":{"name":"(anonymous_16)","decl":{"start":{"line":323,"column":15},"end":{"line":323,"column":16}},"loc":{"start":{"line":323,"column":30},"end":{"line":348,"column":6}},"line":323},"17":{"name":"(anonymous_17)","decl":{"start":{"line":357,"column":22},"end":{"line":357,"column":23}},"loc":{"start":{"line":357,"column":49},"end":{"line":384,"column":6}},"line":357},"18":{"name":"(anonymous_18)","decl":{"start":{"line":394,"column":12},"end":{"line":394,"column":13}},"loc":{"start":{"line":394,"column":33},"end":{"line":401,"column":6}},"line":394},"19":{"name":"(anonymous_19)","decl":{"start":{"line":410,"column":17},"end":{"line":410,"column":18}},"loc":{"start":{"line":410,"column":38},"end":{"line":444,"column":6}},"line":410},"20":{"name":"(anonymous_20)","decl":{"start":{"line":450,"column":20},"end":{"line":450,"column":21}},"loc":{"start":{"line":450,"column":40},"end":{"line":452,"column":6}},"line":450},"21":{"name":"(anonymous_21)","decl":{"start":{"line":458,"column":22},"end":{"line":458,"column":23}},"loc":{"start":{"line":458,"column":42},"end":{"line":460,"column":6}},"line":458},"22":{"name":"(anonymous_22)","decl":{"start":{"line":466,"column":21},"end":{"line":466,"column":22}},"loc":{"start":{"line":466,"column":32},"end":{"line":468,"column":6}},"line":466},"23":{"name":"(anonymous_23)","decl":{"start":{"line":478,"column":7},"end":{"line":478,"column":8}},"loc":{"start":{"line":478,"column":33},"end":{"line":482,"column":7}},"line":478},"24":{"name":"(anonymous_24)","decl":{"start":{"line":484,"column":7},"end":{"line":484,"column":8}},"loc":{"start":{"line":484,"column":54},"end":{"line":914,"column":7}},"line":484},"25":{"name":"(anonymous_25)","decl":{"start":{"line":541,"column":11},"end":{"line":541,"column":12}},"loc":{"start":{"line":541,"column":49},"end":{"line":590,"column":6}},"line":541},"26":{"name":"(anonymous_26)","decl":{"start":{"line":598,"column":22},"end":{"line":598,"column":23}},"loc":{"start":{"line":598,"column":42},"end":{"line":610,"column":6}},"line":598},"27":{"name":"(anonymous_27)","decl":{"start":{"line":616,"column":22},"end":{"line":616,"column":23}},"loc":{"start":{"line":616,"column":33},"end":{"line":624,"column":6}},"line":616},"28":{"name":"(anonymous_28)","decl":{"start":{"line":619,"column":30},"end":{"line":619,"column":31}},"loc":{"start":{"line":619,"column":45},"end":{"line":623,"column":10}},"line":619},"29":{"name":"(anonymous_29)","decl":{"start":{"line":630,"column":30},"end":{"line":630,"column":31}},"loc":{"start":{"line":630,"column":41},"end":{"line":640,"column":6}},"line":630},"30":{"name":"(anonymous_30)","decl":{"start":{"line":634,"column":30},"end":{"line":634,"column":31}},"loc":{"start":{"line":634,"column":45},"end":{"line":639,"column":10}},"line":634},"31":{"name":"(anonymous_31)","decl":{"start":{"line":646,"column":22},"end":{"line":646,"column":23}},"loc":{"start":{"line":646,"column":33},"end":{"line":656,"column":6}},"line":646},"32":{"name":"(anonymous_32)","decl":{"start":{"line":650,"column":30},"end":{"line":650,"column":31}},"loc":{"start":{"line":650,"column":45},"end":{"line":655,"column":10}},"line":650},"33":{"name":"(anonymous_33)","decl":{"start":{"line":664,"column":27},"end":{"line":664,"column":28}},"loc":{"start":{"line":664,"column":38},"end":{"line":666,"column":6}},"line":664},"34":{"name":"(anonymous_34)","decl":{"start":{"line":673,"column":25},"end":{"line":673,"column":26}},"loc":{"start":{"line":673,"column":44},"end":{"line":683,"column":6}},"line":673},"35":{"name":"(anonymous_35)","decl":{"start":{"line":690,"column":24},"end":{"line":690,"column":25}},"loc":{"start":{"line":690,"column":43},"end":{"line":700,"column":6}},"line":690},"36":{"name":"(anonymous_36)","decl":{"start":{"line":707,"column":24},"end":{"line":707,"column":25}},"loc":{"start":{"line":707,"column":43},"end":{"line":717,"column":6}},"line":707},"37":{"name":"(anonymous_37)","decl":{"start":{"line":724,"column":24},"end":{"line":724,"column":25}},"loc":{"start":{"line":724,"column":43},"end":{"line":734,"column":6}},"line":724},"38":{"name":"(anonymous_38)","decl":{"start":{"line":741,"column":28},"end":{"line":741,"column":29}},"loc":{"start":{"line":741,"column":47},"end":{"line":749,"column":6}},"line":741},"39":{"name":"(anonymous_39)","decl":{"start":{"line":756,"column":28},"end":{"line":756,"column":29}},"loc":{"start":{"line":756,"column":47},"end":{"line":764,"column":6}},"line":756},"40":{"name":"(anonymous_40)","decl":{"start":{"line":771,"column":19},"end":{"line":771,"column":20}},"loc":{"start":{"line":771,"column":38},"end":{"line":793,"column":6}},"line":771},"41":{"name":"(anonymous_41)","decl":{"start":{"line":800,"column":24},"end":{"line":800,"column":25}},"loc":{"start":{"line":800,"column":43},"end":{"line":817,"column":6}},"line":800},"42":{"name":"(anonymous_42)","decl":{"start":{"line":803,"column":58},"end":{"line":803,"column":59}},"loc":{"start":{"line":803,"column":74},"end":{"line":816,"column":10}},"line":803},"43":{"name":"(anonymous_43)","decl":{"start":{"line":825,"column":21},"end":{"line":825,"column":22}},"loc":{"start":{"line":825,"column":45},"end":{"line":840,"column":6}},"line":825},"44":{"name":"(anonymous_44)","decl":{"start":{"line":829,"column":26},"end":{"line":829,"column":27}},"loc":{"start":{"line":829,"column":49},"end":{"line":837,"column":10}},"line":829},"45":{"name":"(anonymous_45)","decl":{"start":{"line":849,"column":21},"end":{"line":849,"column":22}},"loc":{"start":{"line":849,"column":45},"end":{"line":858,"column":6}},"line":849},"46":{"name":"(anonymous_46)","decl":{"start":{"line":866,"column":23},"end":{"line":866,"column":24}},"loc":{"start":{"line":866,"column":47},"end":{"line":878,"column":6}},"line":866},"47":{"name":"(anonymous_47)","decl":{"start":{"line":884,"column":13},"end":{"line":884,"column":14}},"loc":{"start":{"line":884,"column":24},"end":{"line":892,"column":6}},"line":884},"48":{"name":"(anonymous_48)","decl":{"start":{"line":887,"column":32},"end":{"line":887,"column":33}},"loc":{"start":{"line":887,"column":62},"end":{"line":889,"column":10}},"line":887},"49":{"name":"(anonymous_49)","decl":{"start":{"line":899,"column":13},"end":{"line":899,"column":14}},"loc":{"start":{"line":899,"column":32},"end":{"line":908,"column":6}},"line":899},"50":{"name":"(anonymous_50)","decl":{"start":{"line":916,"column":7},"end":{"line":916,"column":8}},"loc":{"start":{"line":916,"column":54},"end":{"line":1085,"column":7}},"line":916},"51":{"name":"(anonymous_51)","decl":{"start":{"line":929,"column":23},"end":{"line":929,"column":24}},"loc":{"start":{"line":929,"column":62},"end":{"line":935,"column":6}},"line":929},"52":{"name":"(anonymous_52)","decl":{"start":{"line":941,"column":21},"end":{"line":941,"column":22}},"loc":{"start":{"line":941,"column":37},"end":{"line":947,"column":6}},"line":941},"53":{"name":"(anonymous_53)","decl":{"start":{"line":954,"column":23},"end":{"line":954,"column":24}},"loc":{"start":{"line":954,"column":39},"end":{"line":956,"column":6}},"line":954},"54":{"name":"(anonymous_54)","decl":{"start":{"line":963,"column":15},"end":{"line":963,"column":16}},"loc":{"start":{"line":963,"column":44},"end":{"line":973,"column":6}},"line":963},"55":{"name":"(anonymous_55)","decl":{"start":{"line":981,"column":15},"end":{"line":981,"column":16}},"loc":{"start":{"line":981,"column":44},"end":{"line":985,"column":6}},"line":981},"56":{"name":"(anonymous_56)","decl":{"start":{"line":992,"column":15},"end":{"line":992,"column":16}},"loc":{"start":{"line":992,"column":33},"end":{"line":995,"column":6}},"line":992},"57":{"name":"(anonymous_57)","decl":{"start":{"line":1002,"column":28},"end":{"line":1002,"column":29}},"loc":{"start":{"line":1002,"column":42},"end":{"line":1004,"column":6}},"line":1002},"58":{"name":"(anonymous_58)","decl":{"start":{"line":1012,"column":18},"end":{"line":1012,"column":19}},"loc":{"start":{"line":1012,"column":41},"end":{"line":1018,"column":6}},"line":1012},"59":{"name":"(anonymous_59)","decl":{"start":{"line":1026,"column":22},"end":{"line":1026,"column":23}},"loc":{"start":{"line":1026,"column":48},"end":{"line":1032,"column":6}},"line":1026},"60":{"name":"(anonymous_60)","decl":{"start":{"line":1027,"column":62},"end":{"line":1027,"column":63}},"loc":{"start":{"line":1027,"column":84},"end":{"line":1029,"column":10}},"line":1027},"61":{"name":"(anonymous_61)","decl":{"start":{"line":1040,"column":30},"end":{"line":1040,"column":31}},"loc":{"start":{"line":1040,"column":56},"end":{"line":1050,"column":6}},"line":1040},"62":{"name":"(anonymous_62)","decl":{"start":{"line":1057,"column":29},"end":{"line":1057,"column":30}},"loc":{"start":{"line":1057,"column":48},"end":{"line":1063,"column":6}},"line":1057},"63":{"name":"(anonymous_63)","decl":{"start":{"line":1068,"column":23},"end":{"line":1068,"column":24}},"loc":{"start":{"line":1068,"column":34},"end":{"line":1079,"column":6}},"line":1068}},"branchMap":{"0":{"loc":{"start":{"line":8,"column":1},"end":{"line":15,"column":109}},"type":"if","locations":[{"start":{"line":8,"column":1},"end":{"line":15,"column":109}},{"start":{"line":8,"column":1},"end":{"line":15,"column":109}}],"line":8},"1":{"loc":{"start":{"line":8,"column":4},"end":{"line":8,"column":61}},"type":"binary-expr","locations":[{"start":{"line":8,"column":4},"end":{"line":8,"column":31}},{"start":{"line":8,"column":35},"end":{"line":8,"column":61}}],"line":8},"2":{"loc":{"start":{"line":10,"column":6},"end":{"line":15,"column":109}},"type":"if","locations":[{"start":{"line":10,"column":6},"end":{"line":15,"column":109}},{"start":{"line":10,"column":6},"end":{"line":15,"column":109}}],"line":10},"3":{"loc":{"start":{"line":10,"column":9},"end":{"line":10,"column":51}},"type":"binary-expr","locations":[{"start":{"line":10,"column":9},"end":{"line":10,"column":37}},{"start":{"line":10,"column":41},"end":{"line":10,"column":51}}],"line":10},"4":{"loc":{"start":{"line":12,"column":6},"end":{"line":15,"column":109}},"type":"if","locations":[{"start":{"line":12,"column":6},"end":{"line":15,"column":109}},{"start":{"line":12,"column":6},"end":{"line":15,"column":109}}],"line":12},"5":{"loc":{"start":{"line":15,"column":16},"end":{"line":15,"column":33}},"type":"binary-expr","locations":[{"start":{"line":15,"column":16},"end":{"line":15,"column":27}},{"start":{"line":15,"column":31},"end":{"line":15,"column":33}}],"line":15},"6":{"loc":{"start":{"line":15,"column":72},"end":{"line":15,"column":106}},"type":"binary-expr","locations":[{"start":{"line":15,"column":72},"end":{"line":15,"column":83}},{"start":{"line":15,"column":87},"end":{"line":15,"column":106}}],"line":15},"7":{"loc":{"start":{"line":25,"column":11},"end":{"line":26,"column":54}},"type":"if","locations":[{"start":{"line":25,"column":11},"end":{"line":26,"column":54}},{"start":{"line":25,"column":11},"end":{"line":26,"column":54}}],"line":25},"8":{"loc":{"start":{"line":183,"column":9},"end":{"line":185,"column":10}},"type":"if","locations":[{"start":{"line":183,"column":9},"end":{"line":185,"column":10}},{"start":{"line":183,"column":9},"end":{"line":185,"column":10}}],"line":183},"9":{"loc":{"start":{"line":194,"column":29},"end":{"line":194,"column":55}},"type":"binary-expr","locations":[{"start":{"line":194,"column":29},"end":{"line":194,"column":33}},{"start":{"line":194,"column":37},"end":{"line":194,"column":55}}],"line":194},"10":{"loc":{"start":{"line":205,"column":16},"end":{"line":205,"column":42}},"type":"cond-expr","locations":[{"start":{"line":205,"column":30},"end":{"line":205,"column":31}},{"start":{"line":205,"column":34},"end":{"line":205,"column":42}}],"line":205},"11":{"loc":{"start":{"line":217,"column":9},"end":{"line":224,"column":10}},"type":"if","locations":[{"start":{"line":217,"column":9},"end":{"line":224,"column":10}},{"start":{"line":217,"column":9},"end":{"line":224,"column":10}}],"line":217},"12":{"loc":{"start":{"line":239,"column":16},"end":{"line":239,"column":62}},"type":"cond-expr","locations":[{"start":{"line":239,"column":29},"end":{"line":239,"column":44}},{"start":{"line":239,"column":47},"end":{"line":239,"column":62}}],"line":239},"13":{"loc":{"start":{"line":254,"column":9},"end":{"line":258,"column":10}},"type":"if","locations":[{"start":{"line":254,"column":9},"end":{"line":258,"column":10}},{"start":{"line":254,"column":9},"end":{"line":258,"column":10}}],"line":254},"14":{"loc":{"start":{"line":255,"column":25},"end":{"line":255,"column":89}},"type":"cond-expr","locations":[{"start":{"line":255,"column":38},"end":{"line":255,"column":58}},{"start":{"line":255,"column":61},"end":{"line":255,"column":89}}],"line":255},"15":{"loc":{"start":{"line":257,"column":25},"end":{"line":257,"column":109}},"type":"cond-expr","locations":[{"start":{"line":257,"column":38},"end":{"line":257,"column":72}},{"start":{"line":257,"column":75},"end":{"line":257,"column":109}}],"line":257},"16":{"loc":{"start":{"line":285,"column":43},"end":{"line":285,"column":69}},"type":"binary-expr","locations":[{"start":{"line":285,"column":43},"end":{"line":285,"column":47}},{"start":{"line":285,"column":51},"end":{"line":285,"column":69}}],"line":285},"17":{"loc":{"start":{"line":329,"column":9},"end":{"line":342,"column":10}},"type":"if","locations":[{"start":{"line":329,"column":9},"end":{"line":342,"column":10}},{"start":{"line":329,"column":9},"end":{"line":342,"column":10}}],"line":329},"18":{"loc":{"start":{"line":334,"column":13},"end":{"line":337,"column":14}},"type":"if","locations":[{"start":{"line":334,"column":13},"end":{"line":337,"column":14}},{"start":{"line":334,"column":13},"end":{"line":337,"column":14}}],"line":334},"19":{"loc":{"start":{"line":358,"column":9},"end":{"line":381,"column":10}},"type":"switch","locations":[{"start":{"line":359,"column":13},"end":{"line":361,"column":23}},{"start":{"line":362,"column":13},"end":{"line":364,"column":23}},{"start":{"line":365,"column":13},"end":{"line":367,"column":23}},{"start":{"line":368,"column":13},"end":{"line":370,"column":23}},{"start":{"line":371,"column":13},"end":{"line":373,"column":23}},{"start":{"line":374,"column":13},"end":{"line":376,"column":23}},{"start":{"line":377,"column":13},"end":{"line":380,"column":18}}],"line":358},"20":{"loc":{"start":{"line":378,"column":17},"end":{"line":380,"column":18}},"type":"if","locations":[{"start":{"line":378,"column":17},"end":{"line":380,"column":18}},{"start":{"line":378,"column":17},"end":{"line":380,"column":18}}],"line":378},"21":{"loc":{"start":{"line":395,"column":9},"end":{"line":397,"column":10}},"type":"if","locations":[{"start":{"line":395,"column":9},"end":{"line":397,"column":10}},{"start":{"line":395,"column":9},"end":{"line":397,"column":10}}],"line":395},"22":{"loc":{"start":{"line":427,"column":9},"end":{"line":429,"column":10}},"type":"if","locations":[{"start":{"line":427,"column":9},"end":{"line":429,"column":10}},{"start":{"line":427,"column":9},"end":{"line":429,"column":10}}],"line":427},"23":{"loc":{"start":{"line":467,"column":16},"end":{"line":467,"column":55}},"type":"binary-expr","locations":[{"start":{"line":467,"column":16},"end":{"line":467,"column":33}},{"start":{"line":467,"column":37},"end":{"line":467,"column":55}}],"line":467},"24":{"loc":{"start":{"line":599,"column":9},"end":{"line":603,"column":10}},"type":"if","locations":[{"start":{"line":599,"column":9},"end":{"line":603,"column":10}},{"start":{"line":599,"column":9},"end":{"line":603,"column":10}}],"line":599},"25":{"loc":{"start":{"line":601,"column":16},"end":{"line":603,"column":10}},"type":"if","locations":[{"start":{"line":601,"column":16},"end":{"line":603,"column":10}},{"start":{"line":601,"column":16},"end":{"line":603,"column":10}}],"line":601},"26":{"loc":{"start":{"line":605,"column":9},"end":{"line":607,"column":10}},"type":"if","locations":[{"start":{"line":605,"column":9},"end":{"line":607,"column":10}},{"start":{"line":605,"column":9},"end":{"line":607,"column":10}}],"line":605},"27":{"loc":{"start":{"line":676,"column":9},"end":{"line":680,"column":10}},"type":"if","locations":[{"start":{"line":676,"column":9},"end":{"line":680,"column":10}},{"start":{"line":676,"column":9},"end":{"line":680,"column":10}}],"line":676},"28":{"loc":{"start":{"line":693,"column":9},"end":{"line":697,"column":10}},"type":"if","locations":[{"start":{"line":693,"column":9},"end":{"line":697,"column":10}},{"start":{"line":693,"column":9},"end":{"line":697,"column":10}}],"line":693},"29":{"loc":{"start":{"line":710,"column":9},"end":{"line":714,"column":10}},"type":"if","locations":[{"start":{"line":710,"column":9},"end":{"line":714,"column":10}},{"start":{"line":710,"column":9},"end":{"line":714,"column":10}}],"line":710},"30":{"loc":{"start":{"line":727,"column":9},"end":{"line":731,"column":10}},"type":"if","locations":[{"start":{"line":727,"column":9},"end":{"line":731,"column":10}},{"start":{"line":727,"column":9},"end":{"line":731,"column":10}}],"line":727},"31":{"loc":{"start":{"line":744,"column":9},"end":{"line":748,"column":10}},"type":"if","locations":[{"start":{"line":744,"column":9},"end":{"line":748,"column":10}},{"start":{"line":744,"column":9},"end":{"line":748,"column":10}}],"line":744},"32":{"loc":{"start":{"line":759,"column":9},"end":{"line":763,"column":10}},"type":"if","locations":[{"start":{"line":759,"column":9},"end":{"line":763,"column":10}},{"start":{"line":759,"column":9},"end":{"line":763,"column":10}}],"line":759},"33":{"loc":{"start":{"line":778,"column":13},"end":{"line":783,"column":14}},"type":"if","locations":[{"start":{"line":778,"column":13},"end":{"line":783,"column":14}},{"start":{"line":778,"column":13},"end":{"line":783,"column":14}}],"line":778},"34":{"loc":{"start":{"line":785,"column":13},"end":{"line":787,"column":14}},"type":"if","locations":[{"start":{"line":785,"column":13},"end":{"line":787,"column":14}},{"start":{"line":785,"column":13},"end":{"line":787,"column":14}}],"line":785},"35":{"loc":{"start":{"line":785,"column":17},"end":{"line":785,"column":54}},"type":"binary-expr","locations":[{"start":{"line":785,"column":17},"end":{"line":785,"column":32}},{"start":{"line":785,"column":36},"end":{"line":785,"column":54}}],"line":785},"36":{"loc":{"start":{"line":788,"column":13},"end":{"line":790,"column":14}},"type":"if","locations":[{"start":{"line":788,"column":13},"end":{"line":790,"column":14}},{"start":{"line":788,"column":13},"end":{"line":790,"column":14}}],"line":788},"37":{"loc":{"start":{"line":788,"column":17},"end":{"line":788,"column":53}},"type":"binary-expr","locations":[{"start":{"line":788,"column":17},"end":{"line":788,"column":31}},{"start":{"line":788,"column":35},"end":{"line":788,"column":53}}],"line":788},"38":{"loc":{"start":{"line":811,"column":13},"end":{"line":813,"column":14}},"type":"if","locations":[{"start":{"line":811,"column":13},"end":{"line":813,"column":14}},{"start":{"line":811,"column":13},"end":{"line":813,"column":14}}],"line":811},"39":{"loc":{"start":{"line":830,"column":13},"end":{"line":834,"column":14}},"type":"if","locations":[{"start":{"line":830,"column":13},"end":{"line":834,"column":14}},{"start":{"line":830,"column":13},"end":{"line":834,"column":14}}],"line":830},"40":{"loc":{"start":{"line":853,"column":9},"end":{"line":855,"column":10}},"type":"if","locations":[{"start":{"line":853,"column":9},"end":{"line":855,"column":10}},{"start":{"line":853,"column":9},"end":{"line":855,"column":10}}],"line":853},"41":{"loc":{"start":{"line":872,"column":13},"end":{"line":874,"column":14}},"type":"if","locations":[{"start":{"line":872,"column":13},"end":{"line":874,"column":14}},{"start":{"line":872,"column":13},"end":{"line":874,"column":14}}],"line":872},"42":{"loc":{"start":{"line":930,"column":9},"end":{"line":934,"column":10}},"type":"if","locations":[{"start":{"line":930,"column":9},"end":{"line":934,"column":10}},{"start":{"line":930,"column":9},"end":{"line":934,"column":10}}],"line":930},"43":{"loc":{"start":{"line":942,"column":9},"end":{"line":946,"column":10}},"type":"if","locations":[{"start":{"line":942,"column":9},"end":{"line":946,"column":10}},{"start":{"line":942,"column":9},"end":{"line":946,"column":10}}],"line":942},"44":{"loc":{"start":{"line":955,"column":16},"end":{"line":955,"column":48}},"type":"binary-expr","locations":[{"start":{"line":955,"column":16},"end":{"line":955,"column":28}},{"start":{"line":955,"column":32},"end":{"line":955,"column":48}}],"line":955},"45":{"loc":{"start":{"line":964,"column":9},"end":{"line":966,"column":10}},"type":"if","locations":[{"start":{"line":964,"column":9},"end":{"line":966,"column":10}},{"start":{"line":964,"column":9},"end":{"line":966,"column":10}}],"line":964},"46":{"loc":{"start":{"line":968,"column":9},"end":{"line":972,"column":10}},"type":"if","locations":[{"start":{"line":968,"column":9},"end":{"line":972,"column":10}},{"start":{"line":968,"column":9},"end":{"line":972,"column":10}}],"line":968},"47":{"loc":{"start":{"line":970,"column":16},"end":{"line":972,"column":10}},"type":"if","locations":[{"start":{"line":970,"column":16},"end":{"line":972,"column":10}},{"start":{"line":970,"column":16},"end":{"line":972,"column":10}}],"line":970},"48":{"loc":{"start":{"line":993,"column":16},"end":{"line":994,"column":87}},"type":"binary-expr","locations":[{"start":{"line":993,"column":16},"end":{"line":993,"column":23}},{"start":{"line":993,"column":27},"end":{"line":993,"column":47}},{"start":{"line":994,"column":14},"end":{"line":994,"column":43}},{"start":{"line":994,"column":47},"end":{"line":994,"column":80}},{"start":{"line":994,"column":84},"end":{"line":994,"column":86}}],"line":993},"49":{"loc":{"start":{"line":1013,"column":9},"end":{"line":1015,"column":10}},"type":"if","locations":[{"start":{"line":1013,"column":9},"end":{"line":1015,"column":10}},{"start":{"line":1013,"column":9},"end":{"line":1015,"column":10}}],"line":1013},"50":{"loc":{"start":{"line":1017,"column":16},"end":{"line":1017,"column":64}},"type":"cond-expr","locations":[{"start":{"line":1017,"column":36},"end":{"line":1017,"column":40}},{"start":{"line":1017,"column":43},"end":{"line":1017,"column":64}}],"line":1017},"51":{"loc":{"start":{"line":1028,"column":20},"end":{"line":1028,"column":65}},"type":"cond-expr","locations":[{"start":{"line":1028,"column":49},"end":{"line":1028,"column":60}},{"start":{"line":1028,"column":63},"end":{"line":1028,"column":65}}],"line":1028},"52":{"loc":{"start":{"line":1043,"column":9},"end":{"line":1047,"column":10}},"type":"if","locations":[{"start":{"line":1043,"column":9},"end":{"line":1047,"column":10}},{"start":{"line":1043,"column":9},"end":{"line":1047,"column":10}}],"line":1043}},"s":{"0":1,"1":1,"2":1,"3":0,"4":0,"5":0,"6":0,"7":0,"8":1,"9":1,"10":9,"11":3,"12":6,"13":6,"14":6,"15":6,"16":1,"17":1,"18":1,"19":1,"20":1,"21":1,"22":1,"23":1,"24":1,"25":1,"26":1,"27":0,"28":0,"29":0,"30":0,"31":0,"32":0,"33":0,"34":0,"35":0,"36":0,"37":0,"38":0,"39":0,"40":0,"41":0,"42":0,"43":0,"44":0,"45":0,"46":0,"47":0,"48":0,"49":0,"50":0,"51":0,"52":0,"53":0,"54":0,"55":0,"56":0,"57":0,"58":0,"59":0,"60":0,"61":0,"62":0,"63":0,"64":0,"65":0,"66":0,"67":0,"68":0,"69":0,"70":0,"71":0,"72":0,"73":0,"74":0,"75":0,"76":0,"77":0,"78":0,"79":0,"80":0,"81":0,"82":0,"83":0,"84":0,"85":0,"86":0,"87":0,"88":0,"89":0,"90":0,"91":0,"92":0,"93":0,"94":0,"95":0,"96":0,"97":0,"98":0,"99":0,"100":0,"101":0,"102":0,"103":0,"104":0,"105":0,"106":0,"107":0,"108":0,"109":0,"110":0,"111":0,"112":0,"113":0,"114":0,"115":0,"116":1,"117":1,"118":1,"119":1,"120":1,"121":1,"122":1,"123":1,"124":1,"125":1,"126":1,"127":1,"128":1,"129":1,"130":1,"131":0,"132":0,"133":0,"134":0,"135":0,"136":0,"137":0,"138":0,"139":0,"140":0,"141":0,"142":0,"143":0,"144":0,"145":0,"146":0,"147":0,"148":0,"149":0,"150":0,"151":0,"152":0,"153":0,"154":0,"155":0,"156":0,"157":0,"158":0,"159":0,"160":0,"161":0,"162":0,"163":0,"164":0,"165":0,"166":0,"167":0,"168":0,"169":0,"170":0,"171":0,"172":0,"173":0,"174":0,"175":0,"176":0,"177":0,"178":0,"179":0,"180":0,"181":0,"182":0,"183":0,"184":0,"185":0,"186":0,"187":0,"188":0,"189":0,"190":0,"191":0,"192":0,"193":0,"194":0,"195":0,"196":0,"197":0,"198":0,"199":0,"200":0,"201":0,"202":0,"203":0,"204":0,"205":0,"206":0,"207":0,"208":0,"209":0,"210":0,"211":0,"212":0,"213":0,"214":0,"215":0,"216":0,"217":0,"218":0,"219":0,"220":0,"221":0,"222":0,"223":0,"224":0,"225":0,"226":0,"227":0,"228":0,"229":0,"230":0,"231":0,"232":0,"233":0,"234":1,"235":1,"236":1,"237":0,"238":0,"239":0,"240":0,"241":0,"242":0,"243":0,"244":0,"245":0,"246":0,"247":0,"248":0,"249":0,"250":0,"251":0,"252":0,"253":0,"254":0,"255":0,"256":0,"257":0,"258":0,"259":0,"260":0,"261":0,"262":0,"263":0,"264":0,"265":0,"266":0,"267":0,"268":0,"269":1},"f":{"0":1,"1":1,"2":1,"3":9,"4":1,"5":1,"6":1,"7":0,"8":0,"9":0,"10":0,"11":0,"12":0,"13":0,"14":0,"15":0,"16":0,"17":0,"18":0,"19":0,"20":0,"21":0,"22":0,"23":1,"24":1,"25":0,"26":0,"27":0,"28":0,"29":0,"30":0,"31":0,"32":0,"33":0,"34":0,"35":0,"36":0,"37":0,"38":0,"39":0,"40":0,"41":0,"42":0,"43":0,"44":0,"45":0,"46":0,"47":0,"48":0,"49":0,"50":1,"51":0,"52":0,"53":0,"54":0,"55":0,"56":0,"57":0,"58":0,"59":0,"60":0,"61":0,"62":0,"63":0},"b":{"0":[1,0],"1":[1,1],"2":[0,0],"3":[0,0],"4":[0,0],"5":[0,0],"6":[0,0],"7":[3,6],"8":[0,0],"9":[0,0],"10":[0,0],"11":[0,0],"12":[0,0],"13":[0,0],"14":[0,0],"15":[0,0],"16":[0,0],"17":[0,0],"18":[0,0],"19":[0,0,0,0,0,0,0],"20":[0,0],"21":[0,0],"22":[0,0],"23":[0,0],"24":[0,0],"25":[0,0],"26":[0,0],"27":[0,0],"28":[0,0],"29":[0,0],"30":[0,0],"31":[0,0],"32":[0,0],"33":[0,0],"34":[0,0],"35":[0,0],"36":[0,0],"37":[0,0],"38":[0,0],"39":[0,0],"40":[0,0],"41":[0,0],"42":[0,0],"43":[0,0],"44":[0,0],"45":[0,0],"46":[0,0],"47":[0,0],"48":[0,0,0,0,0],"49":[0,0],"50":[0,0],"51":[0,0],"52":[0,0]},"_coverageSchema":"43e27e138ebf9cfc5966b082cf9a028302ed4184","hash":"95bae1a7b68ac8fc5c7644dbc39a0f60c1673ec7"}
,"/Users/abelko/Abel/javascript-study/test/javascript-testing-source/src/pagination/albums.js": {"path":"/Users/abelko/Abel/javascript-study/test/javascript-testing-source/src/pagination/albums.js","statementMap":{"0":{"start":{"line":8,"column":2},"end":{"line":15,"column":4}},"1":{"start":{"line":19,"column":2},"end":{"line":32,"column":5}},"2":{"start":{"line":36,"column":2},"end":{"line":36,"column":52}},"3":{"start":{"line":40,"column":2},"end":{"line":49,"column":5}},"4":{"start":{"line":41,"column":28},"end":{"line":41,"column":36}},"5":{"start":{"line":43,"column":4},"end":{"line":43,"column":24}},"6":{"start":{"line":44,"column":4},"end":{"line":48,"column":5}},"7":{"start":{"line":45,"column":6},"end":{"line":45,"column":30}},"8":{"start":{"line":47,"column":6},"end":{"line":47,"column":38}},"9":{"start":{"line":53,"column":2},"end":{"line":53,"column":18}},"10":{"start":{"line":55,"column":21},"end":{"line":55,"column":33}},"11":{"start":{"line":56,"column":2},"end":{"line":56,"column":30}},"12":{"start":{"line":57,"column":2},"end":{"line":57,"column":45}},"13":{"start":{"line":58,"column":2},"end":{"line":61,"column":5}},"14":{"start":{"line":64,"column":2},"end":{"line":64,"column":25}},"15":{"start":{"line":67,"column":2},"end":{"line":69,"column":5}},"16":{"start":{"line":68,"column":4},"end":{"line":68,"column":27}}},"fnMap":{"0":{"name":"genTableRowHTML","decl":{"start":{"line":7,"column":9},"end":{"line":7,"column":24}},"loc":{"start":{"line":7,"column":30},"end":{"line":16,"column":1}},"line":7},"1":{"name":"renderContainer","decl":{"start":{"line":18,"column":9},"end":{"line":18,"column":24}},"loc":{"start":{"line":18,"column":37},"end":{"line":33,"column":1}},"line":18},"2":{"name":"renderTbody","decl":{"start":{"line":35,"column":9},"end":{"line":35,"column":20}},"loc":{"start":{"line":35,"column":29},"end":{"line":37,"column":1}},"line":35},"3":{"name":"fetchAndReset","decl":{"start":{"line":39,"column":9},"end":{"line":39,"column":22}},"loc":{"start":{"line":39,"column":38},"end":{"line":50,"column":1}},"line":39},"4":{"name":"(anonymous_4)","decl":{"start":{"line":40,"column":44},"end":{"line":40,"column":45}},"loc":{"start":{"line":40,"column":51},"end":{"line":49,"column":3}},"line":40},"5":{"name":"init","decl":{"start":{"line":52,"column":16},"end":{"line":52,"column":20}},"loc":{"start":{"line":52,"column":38},"end":{"line":70,"column":1}},"line":52},"6":{"name":"(anonymous_6)","decl":{"start":{"line":67,"column":30},"end":{"line":67,"column":31}},"loc":{"start":{"line":67,"column":38},"end":{"line":69,"column":3}},"line":67}},"branchMap":{"0":{"loc":{"start":{"line":44,"column":4},"end":{"line":48,"column":5}},"type":"if","locations":[{"start":{"line":44,"column":4},"end":{"line":48,"column":5}},{"start":{"line":44,"column":4},"end":{"line":48,"column":5}}],"line":44}},"s":{"0":0,"1":0,"2":0,"3":0,"4":0,"5":0,"6":0,"7":0,"8":0,"9":0,"10":0,"11":0,"12":0,"13":0,"14":0,"15":0,"16":0},"f":{"0":0,"1":0,"2":0,"3":0,"4":0,"5":0,"6":0},"b":{"0":[0,0]},"_coverageSchema":"43e27e138ebf9cfc5966b082cf9a028302ed4184","hash":"9fdb754e0168c6a19e1ed00a1c340c7a22b4dd17"}
,"/Users/abelko/Abel/javascript-study/test/javascript-testing-source/src/pagination/api.js": {"path":"/Users/abelko/Abel/javascript-study/test/javascript-testing-source/src/pagination/api.js","statementMap":{"0":{"start":{"line":3,"column":19},"end":{"line":3,"column":42}},"1":{"start":{"line":6,"column":2},"end":{"line":11,"column":5}}},"fnMap":{"0":{"name":"fetchAlbums","decl":{"start":{"line":5,"column":16},"end":{"line":5,"column":27}},"loc":{"start":{"line":5,"column":44},"end":{"line":12,"column":1}},"line":5}},"branchMap":{},"s":{"0":1,"1":0},"f":{"0":0},"b":{},"_coverageSchema":"43e27e138ebf9cfc5966b082cf9a028302ed4184","hash":"9ff896f64335b16039d129dd22dc35fd7581ea91"}
,"/Users/abelko/Abel/javascript-study/test/javascript-testing-source/src/validator/validator.js": {"path":"/Users/abelko/Abel/javascript-study/test/javascript-testing-source/src/validator/validator.js","statementMap":{"0":{"start":{"line":1,"column":25},"end":{"line":1,"column":39}},"1":{"start":{"line":2,"column":24},"end":{"line":2,"column":42}},"2":{"start":{"line":5,"column":46},"end":{"line":5,"column":59}},"3":{"start":{"line":7,"column":2},"end":{"line":17,"column":3}},"4":{"start":{"line":8,"column":4},"end":{"line":8,"column":30}},"5":{"start":{"line":9,"column":9},"end":{"line":17,"column":3}},"6":{"start":{"line":10,"column":4},"end":{"line":10,"column":33}},"7":{"start":{"line":11,"column":9},"end":{"line":17,"column":3}},"8":{"start":{"line":12,"column":4},"end":{"line":12,"column":33}},"9":{"start":{"line":13,"column":9},"end":{"line":17,"column":3}},"10":{"start":{"line":14,"column":4},"end":{"line":14,"column":32}},"11":{"start":{"line":16,"column":4},"end":{"line":16,"column":16}},"12":{"start":{"line":18,"column":2},"end":{"line":18,"column":15}}},"fnMap":{"0":{"name":"validate","decl":{"start":{"line":4,"column":16},"end":{"line":4,"column":24}},"loc":{"start":{"line":4,"column":31},"end":{"line":19,"column":1}},"line":4}},"branchMap":{"0":{"loc":{"start":{"line":7,"column":2},"end":{"line":17,"column":3}},"type":"if","locations":[{"start":{"line":7,"column":2},"end":{"line":17,"column":3}},{"start":{"line":7,"column":2},"end":{"line":17,"column":3}}],"line":7},"1":{"loc":{"start":{"line":9,"column":9},"end":{"line":17,"column":3}},"type":"if","locations":[{"start":{"line":9,"column":9},"end":{"line":17,"column":3}},{"start":{"line":9,"column":9},"end":{"line":17,"column":3}}],"line":9},"2":{"loc":{"start":{"line":11,"column":9},"end":{"line":17,"column":3}},"type":"if","locations":[{"start":{"line":11,"column":9},"end":{"line":17,"column":3}},{"start":{"line":11,"column":9},"end":{"line":17,"column":3}}],"line":11},"3":{"loc":{"start":{"line":13,"column":9},"end":{"line":17,"column":3}},"type":"if","locations":[{"start":{"line":13,"column":9},"end":{"line":17,"column":3}},{"start":{"line":13,"column":9},"end":{"line":17,"column":3}}],"line":13}},"s":{"0":1,"1":1,"2":5,"3":5,"4":1,"5":4,"6":1,"7":3,"8":1,"9":2,"10":1,"11":1,"12":4},"f":{"0":5},"b":{"0":[1,4],"1":[1,3],"2":[1,2],"3":[1,1]},"_coverageSchema":"43e27e138ebf9cfc5966b082cf9a028302ed4184","hash":"d1c9e7e987737f95bf4937300615bcdc0714df67"}
}
