TN:
SF:/Users/abelko/Abel/javascript-study/test/javascript-testing-source/src/counter.js
FN:1,createCounter
FN:7,(anonymous_1)
FN:10,(anonymous_2)
FN:13,(anonymous_3)
FN:18,(anonymous_4)
FN:21,(anonymous_5)
FNF:6
FNH:6
FNDA:7,createCounter
FNDA:5,(anonymous_1)
FNDA:1,(anonymous_2)
FNDA:2,(anonymous_3)
FNDA:1,(anonymous_4)
FNDA:3,(anonymous_5)
DA:2,7
DA:3,7
DA:4,7
DA:6,7
DA:8,5
DA:11,1
DA:14,2
DA:15,1
DA:19,1
DA:22,3
LF:10
LH:10
BRDA:1,0,0,5
BRDA:2,1,0,7
BRDA:2,1,1,5
BRDA:14,2,0,1
BRDA:14,2,1,1
BRDA:22,3,0,3
BRDA:22,3,1,1
BRF:7
BRH:7
end_of_record
TN:
SF:/Users/abelko/Abel/javascript-study/test/javascript-testing-source/src/util.js
FN:1,add
FN:5,swap
FNF:2
FNH:2
FNDA:3,add
FNDA:7,swap
DA:2,3
DA:6,7
DA:7,5
DA:10,2
LF:4
LH:4
BRDA:1,0,0,1
BRDA:1,1,0,2
BRDA:6,2,0,5
BRDA:6,2,1,2
BRF:4
BRH:4
end_of_record
TN:
SF:/Users/abelko/Abel/javascript-study/test/javascript-testing-source/src/libs/tui-pagination.js
FN:7,webpackUniversalModuleDefinition
FN:16,(anonymous_1)
FN:17,(anonymous_2)
FN:22,__webpack_require__
FN:61,(anonymous_4)
FN:77,(anonymous_5)
FN:87,(anonymous_6)
FN:159,(anonymous_7)
FN:193,(anonymous_8)
FN:202,(anonymous_9)
FN:214,(anonymous_10)
FN:235,(anonymous_11)
FN:248,(anonymous_12)
FN:271,(anonymous_13)
FN:284,(anonymous_14)
FN:296,(anonymous_15)
FN:323,(anonymous_16)
FN:357,(anonymous_17)
FN:394,(anonymous_18)
FN:410,(anonymous_19)
FN:450,(anonymous_20)
FN:458,(anonymous_21)
FN:466,(anonymous_22)
FN:478,(anonymous_23)
FN:484,(anonymous_24)
FN:541,(anonymous_25)
FN:598,(anonymous_26)
FN:616,(anonymous_27)
FN:619,(anonymous_28)
FN:630,(anonymous_29)
FN:634,(anonymous_30)
FN:646,(anonymous_31)
FN:650,(anonymous_32)
FN:664,(anonymous_33)
FN:673,(anonymous_34)
FN:690,(anonymous_35)
FN:707,(anonymous_36)
FN:724,(anonymous_37)
FN:741,(anonymous_38)
FN:756,(anonymous_39)
FN:771,(anonymous_40)
FN:800,(anonymous_41)
FN:803,(anonymous_42)
FN:825,(anonymous_43)
FN:829,(anonymous_44)
FN:849,(anonymous_45)
FN:866,(anonymous_46)
FN:884,(anonymous_47)
FN:887,(anonymous_48)
FN:899,(anonymous_49)
FN:916,(anonymous_50)
FN:929,(anonymous_51)
FN:941,(anonymous_52)
FN:954,(anonymous_53)
FN:963,(anonymous_54)
FN:981,(anonymous_55)
FN:992,(anonymous_56)
FN:1002,(anonymous_57)
FN:1012,(anonymous_58)
FN:1026,(anonymous_59)
FN:1027,(anonymous_60)
FN:1040,(anonymous_61)
FN:1057,(anonymous_62)
FN:1068,(anonymous_63)
FNF:64
FNH:10
FNDA:1,webpackUniversalModuleDefinition
FNDA:1,(anonymous_1)
FNDA:1,(anonymous_2)
FNDA:9,__webpack_require__
FNDA:1,(anonymous_4)
FNDA:1,(anonymous_5)
FNDA:1,(anonymous_6)
FNDA:0,(anonymous_7)
FNDA:0,(anonymous_8)
FNDA:0,(anonymous_9)
FNDA:0,(anonymous_10)
FNDA:0,(anonymous_11)
FNDA:0,(anonymous_12)
FNDA:0,(anonymous_13)
FNDA:0,(anonymous_14)
FNDA:0,(anonymous_15)
FNDA:0,(anonymous_16)
FNDA:0,(anonymous_17)
FNDA:0,(anonymous_18)
FNDA:0,(anonymous_19)
FNDA:0,(anonymous_20)
FNDA:0,(anonymous_21)
FNDA:0,(anonymous_22)
FNDA:1,(anonymous_23)
FNDA:1,(anonymous_24)
FNDA:0,(anonymous_25)
FNDA:0,(anonymous_26)
FNDA:0,(anonymous_27)
FNDA:0,(anonymous_28)
FNDA:0,(anonymous_29)
FNDA:0,(anonymous_30)
FNDA:0,(anonymous_31)
FNDA:0,(anonymous_32)
FNDA:0,(anonymous_33)
FNDA:0,(anonymous_34)
FNDA:0,(anonymous_35)
FNDA:0,(anonymous_36)
FNDA:0,(anonymous_37)
FNDA:0,(anonymous_38)
FNDA:0,(anonymous_39)
FNDA:0,(anonymous_40)
FNDA:0,(anonymous_41)
FNDA:0,(anonymous_42)
FNDA:0,(anonymous_43)
FNDA:0,(anonymous_44)
FNDA:0,(anonymous_45)
FNDA:0,(anonymous_46)
FNDA:0,(anonymous_47)
FNDA:0,(anonymous_48)
FNDA:0,(anonymous_49)
FNDA:1,(anonymous_50)
FNDA:0,(anonymous_51)
FNDA:0,(anonymous_52)
FNDA:0,(anonymous_53)
FNDA:0,(anonymous_54)
FNDA:0,(anonymous_55)
FNDA:0,(anonymous_56)
FNDA:0,(anonymous_57)
FNDA:0,(anonymous_58)
FNDA:0,(anonymous_59)
FNDA:0,(anonymous_60)
FNDA:0,(anonymous_61)
FNDA:0,(anonymous_62)
FNDA:0,(anonymous_63)
DA:7,1
DA:8,1
DA:9,1
DA:10,0
DA:11,0
DA:12,0
DA:13,0
DA:15,0
DA:17,1
DA:19,1
DA:25,9
DA:26,3
DA:29,6
DA:36,6
DA:39,6
DA:42,6
DA:47,1
DA:50,1
DA:53,1
DA:56,1
DA:70,1
DA:72,1
DA:91,1
DA:93,1
DA:94,1
DA:96,1
DA:158,1
DA:165,0
DA:172,0
DA:179,0
DA:181,0
DA:183,0
DA:184,0
DA:194,0
DA:203,0
DA:205,0
DA:217,0
DA:218,0
DA:219,0
DA:220,0
DA:221,0
DA:223,0
DA:226,0
DA:236,0
DA:237,0
DA:239,0
DA:249,0
DA:250,0
DA:251,0
DA:254,0
DA:255,0
DA:257,0
DA:260,0
DA:272,0
DA:273,0
DA:274,0
DA:276,0
DA:285,0
DA:286,0
DA:287,0
DA:297,0
DA:298,0
DA:299,0
DA:300,0
DA:301,0
DA:303,0
DA:304,0
DA:306,0
DA:307,0
DA:309,0
DA:310,0
DA:311,0
DA:312,0
DA:314,0
DA:325,0
DA:326,0
DA:327,0
DA:329,0
DA:330,0
DA:331,0
DA:332,0
DA:334,0
DA:335,0
DA:336,0
DA:339,0
DA:340,0
DA:341,0
DA:344,0
DA:358,0
DA:360,0
DA:361,0
DA:363,0
DA:364,0
DA:366,0
DA:367,0
DA:369,0
DA:370,0
DA:372,0
DA:373,0
DA:375,0
DA:376,0
DA:378,0
DA:379,0
DA:383,0
DA:395,0
DA:396,0
DA:399,0
DA:400,0
DA:411,0
DA:427,0
DA:428,0
DA:431,0
DA:443,0
DA:451,0
DA:459,0
DA:467,0
DA:471,1
DA:473,1
DA:480,1
DA:488,1
DA:490,1
DA:492,1
DA:493,1
DA:494,1
DA:495,1
DA:496,1
DA:498,1
DA:514,1
DA:515,1
DA:517,1
DA:540,1
DA:547,0
DA:554,0
DA:561,0
DA:568,0
DA:575,0
DA:583,0
DA:585,0
DA:586,0
DA:587,0
DA:588,0
DA:589,0
DA:599,0
DA:600,0
DA:601,0
DA:602,0
DA:605,0
DA:606,0
DA:609,0
DA:617,0
DA:619,0
DA:620,0
DA:631,0
DA:634,0
DA:635,0
DA:636,0
DA:647,0
DA:650,0
DA:651,0
DA:652,0
DA:665,0
DA:676,0
DA:677,0
DA:679,0
DA:682,0
DA:693,0
DA:694,0
DA:696,0
DA:699,0
DA:710,0
DA:711,0
DA:713,0
DA:716,0
DA:727,0
DA:728,0
DA:730,0
DA:733,0
DA:744,0
DA:745,0
DA:746,0
DA:747,0
DA:759,0
DA:760,0
DA:761,0
DA:762,0
DA:772,0
DA:773,0
DA:774,0
DA:777,0
DA:778,0
DA:779,0
DA:781,0
DA:782,0
DA:785,0
DA:786,0
DA:788,0
DA:789,0
DA:791,0
DA:801,0
DA:803,0
DA:804,0
DA:807,0
DA:809,0
DA:811,0
DA:812,0
DA:815,0
DA:827,0
DA:829,0
DA:830,0
DA:831,0
DA:833,0
DA:836,0
DA:839,0
DA:850,0
DA:853,0
DA:854,0
DA:857,0
DA:869,0
DA:870,0
DA:872,0
DA:873,0
DA:877,0
DA:885,0
DA:887,0
DA:888,0
DA:891,0
DA:900,0
DA:901,0
DA:902,0
DA:903,0
DA:904,0
DA:905,0
DA:906,0
DA:907,0
DA:911,1
DA:920,1
DA:922,1
DA:930,0
DA:931,0
DA:933,0
DA:942,0
DA:943,0
DA:945,0
DA:955,0
DA:964,0
DA:965,0
DA:968,0
DA:969,0
DA:970,0
DA:971,0
DA:982,0
DA:984,0
DA:993,0
DA:1003,0
DA:1013,0
DA:1014,0
DA:1017,0
DA:1027,0
DA:1028,0
DA:1031,0
DA:1043,0
DA:1044,0
DA:1046,0
DA:1049,0
DA:1058,0
DA:1060,0
DA:1062,0
DA:1069,0
DA:1071,0
DA:1082,1
LF:270
LH:41
BRDA:8,0,0,1
BRDA:8,0,1,0
BRDA:8,1,0,1
BRDA:8,1,1,1
BRDA:10,2,0,0
BRDA:10,2,1,0
BRDA:10,3,0,0
BRDA:10,3,1,0
BRDA:12,4,0,0
BRDA:12,4,1,0
BRDA:15,5,0,0
BRDA:15,5,1,0
BRDA:15,6,0,0
BRDA:15,6,1,0
BRDA:25,7,0,3
BRDA:25,7,1,6
BRDA:183,8,0,0
BRDA:183,8,1,0
BRDA:194,9,0,0
BRDA:194,9,1,0
BRDA:205,10,0,0
BRDA:205,10,1,0
BRDA:217,11,0,0
BRDA:217,11,1,0
BRDA:239,12,0,0
BRDA:239,12,1,0
BRDA:254,13,0,0
BRDA:254,13,1,0
BRDA:255,14,0,0
BRDA:255,14,1,0
BRDA:257,15,0,0
BRDA:257,15,1,0
BRDA:285,16,0,0
BRDA:285,16,1,0
BRDA:329,17,0,0
BRDA:329,17,1,0
BRDA:334,18,0,0
BRDA:334,18,1,0
BRDA:358,19,0,0
BRDA:358,19,1,0
BRDA:358,19,2,0
BRDA:358,19,3,0
BRDA:358,19,4,0
BRDA:358,19,5,0
BRDA:358,19,6,0
BRDA:378,20,0,0
BRDA:378,20,1,0
BRDA:395,21,0,0
BRDA:395,21,1,0
BRDA:427,22,0,0
BRDA:427,22,1,0
BRDA:467,23,0,0
BRDA:467,23,1,0
BRDA:599,24,0,0
BRDA:599,24,1,0
BRDA:601,25,0,0
BRDA:601,25,1,0
BRDA:605,26,0,0
BRDA:605,26,1,0
BRDA:676,27,0,0
BRDA:676,27,1,0
BRDA:693,28,0,0
BRDA:693,28,1,0
BRDA:710,29,0,0
BRDA:710,29,1,0
BRDA:727,30,0,0
BRDA:727,30,1,0
BRDA:744,31,0,0
BRDA:744,31,1,0
BRDA:759,32,0,0
BRDA:759,32,1,0
BRDA:778,33,0,0
BRDA:778,33,1,0
BRDA:785,34,0,0
BRDA:785,34,1,0
BRDA:785,35,0,0
BRDA:785,35,1,0
BRDA:788,36,0,0
BRDA:788,36,1,0
BRDA:788,37,0,0
BRDA:788,37,1,0
BRDA:811,38,0,0
BRDA:811,38,1,0
BRDA:830,39,0,0
BRDA:830,39,1,0
BRDA:853,40,0,0
BRDA:853,40,1,0
BRDA:872,41,0,0
BRDA:872,41,1,0
BRDA:930,42,0,0
BRDA:930,42,1,0
BRDA:942,43,0,0
BRDA:942,43,1,0
BRDA:955,44,0,0
BRDA:955,44,1,0
BRDA:964,45,0,0
BRDA:964,45,1,0
BRDA:968,46,0,0
BRDA:968,46,1,0
BRDA:970,47,0,0
BRDA:970,47,1,0
BRDA:993,48,0,0
BRDA:993,48,1,0
BRDA:993,48,2,0
BRDA:993,48,3,0
BRDA:993,48,4,0
BRDA:1013,49,0,0
BRDA:1013,49,1,0
BRDA:1017,50,0,0
BRDA:1017,50,1,0
BRDA:1028,51,0,0
BRDA:1028,51,1,0
BRDA:1043,52,0,0
BRDA:1043,52,1,0
BRF:114
BRH:5
end_of_record
TN:
SF:/Users/abelko/Abel/javascript-study/test/javascript-testing-source/src/pagination/albums.js
FN:7,genTableRowHTML
FN:18,renderContainer
FN:35,renderTbody
FN:39,fetchAndReset
FN:40,(anonymous_4)
FN:52,init
FN:67,(anonymous_6)
FNF:7
FNH:0
FNDA:0,genTableRowHTML
FNDA:0,renderContainer
FNDA:0,renderTbody
FNDA:0,fetchAndReset
FNDA:0,(anonymous_4)
FNDA:0,init
FNDA:0,(anonymous_6)
DA:8,0
DA:19,0
DA:36,0
DA:40,0
DA:41,0
DA:43,0
DA:44,0
DA:45,0
DA:47,0
DA:53,0
DA:55,0
DA:56,0
DA:57,0
DA:58,0
DA:64,0
DA:67,0
DA:68,0
LF:17
LH:0
BRDA:44,0,0,0
BRDA:44,0,1,0
BRF:2
BRH:0
end_of_record
TN:
SF:/Users/abelko/Abel/javascript-study/test/javascript-testing-source/src/pagination/api.js
FN:5,fetchAlbums
FNF:1
FNH:0
FNDA:0,fetchAlbums
DA:3,1
DA:6,0
LF:2
LH:1
BRF:0
BRH:0
end_of_record
TN:
SF:/Users/abelko/Abel/javascript-study/test/javascript-testing-source/src/validator/validator.js
FN:4,validate
FNF:1
FNH:1
FNDA:5,validate
DA:1,1
DA:2,1
DA:5,5
DA:7,5
DA:8,1
DA:9,4
DA:10,1
DA:11,3
DA:12,1
DA:13,2
DA:14,1
DA:16,1
DA:18,4
LF:13
LH:13
BRDA:7,0,0,1
BRDA:7,0,1,4
BRDA:9,1,0,1
BRDA:9,1,1,3
BRDA:11,2,0,1
BRDA:11,2,1,2
BRDA:13,3,0,1
BRDA:13,3,1,1
BRF:8
BRH:8
end_of_record
